<?xml version="1.0" encoding="UTF-8"?>
<testsuite name="Tests" tests="1" skipped="0" failures="0" errors="0" timestamp="2021-06-30T00:18:17" hostname="JERYLDEV" time="0.147">
  <properties/>
  <testcase name="start" classname="Tests" time="0.147"/>
  <system-out><![CDATA[?[1;31m
Start test 1?[0m
Hello! My name is Aid.
I was created in 2018.
Please, remind me your name.
> > John
?[1;31m
Start test 2?[0m
Hello! My name is Aid.
I was created in 2018.
Please, remind me your name.
> > Nick
]]></system-out>
  <system-err><![CDATA[]]></system-err>
</testsuite>
